::1 - - [25/Oct/2021:14:38:04 +0300] "GET /index.php HTTP/1.1" 200 72301
::1 - - [25/Oct/2021:14:43:08 +0300] "GET /index.html HTTP/1.1" 200 637
::1 - - [25/Oct/2021:14:43:08 +0300] "GET /style.css HTTP/1.1" 200 1113
::1 - - [25/Oct/2021:14:43:10 +0300] "GET /report.html HTTP/1.1" 200 5312
::1 - - [25/Oct/2021:14:43:10 +0300] "GET /lab1_img/ArrayBubbleSort.png HTTP/1.1" 404 196
::1 - - [25/Oct/2021:14:43:10 +0300] "GET /lab1_img/ListBubbleSort.png HTTP/1.1" 404 196
::1 - - [25/Oct/2021:14:43:10 +0300] "GET /lab1_img/ArrayShakerSort.png HTTP/1.1" 200 18830
::1 - - [25/Oct/2021:14:43:10 +0300] "GET /lab1_img/ListShakerSort.png HTTP/1.1" 200 16778
::1 - - [25/Oct/2021:14:43:10 +0300] "GET /lab1_img/ArrayQuickSort.png HTTP/1.1" 200 22714
::1 - - [25/Oct/2021:14:43:10 +0300] "GET /lab1_img/ListMergeSort.png HTTP/1.1" 200 16806
::1 - - [25/Oct/2021:14:43:10 +0300] "GET /lab1_img/ArrayMergeSort.png HTTP/1.1" 200 15705
::1 - - [25/Oct/2021:14:43:10 +0300] "GET /lab1_img/ListQuickSort.png HTTP/1.1" 200 16942
::1 - - [25/Oct/2021:14:43:10 +0300] "GET /lab1_img/ListHeapSort.png HTTP/1.1" 200 17802
::1 - - [25/Oct/2021:14:43:10 +0300] "GET /lab1_img/ArrayHeapSort.png HTTP/1.1" 200 20895
::1 - - [25/Oct/2021:14:43:13 +0300] "GET /sort.html HTTP/1.1" 200 2519
::1 - - [25/Oct/2021:14:43:21 +0300] "POST /results.php HTTP/1.1" 200 1476
::1 - - [25/Oct/2021:14:47:09 +0300] "POST /results.php HTTP/1.1" 200 1476
::1 - - [25/Oct/2021:14:47:09 +0300] "GET /style.css HTTP/1.1" 304 -
::1 - - [25/Oct/2021:14:47:36 +0300] "GET /index.html HTTP/1.1" 304 -
::1 - - [25/Oct/2021:14:47:37 +0300] "GET /sort.html HTTP/1.1" 200 2460
::1 - - [25/Oct/2021:14:47:42 +0300] "POST /results.php HTTP/1.1" 200 1486
::1 - - [25/Oct/2021:14:48:09 +0300] "GET /sort.html HTTP/1.1" 304 -
::1 - - [25/Oct/2021:14:48:13 +0300] "POST /results.php HTTP/1.1" 200 2409
::1 - - [25/Oct/2021:14:51:02 +0300] "GET /sort.html HTTP/1.1" 304 -
::1 - - [25/Oct/2021:14:51:09 +0300] "POST /results.php HTTP/1.1" 200 156
::1 - - [25/Oct/2021:14:51:19 +0300] "POST /results.php HTTP/1.1" 200 156
::1 - - [25/Oct/2021:14:51:26 +0300] "POST /results.php HTTP/1.1" 200 156
::1 - - [25/Oct/2021:14:51:40 +0300] "POST /results.php HTTP/1.1" 200 971
::1 - - [25/Oct/2021:14:51:40 +0300] "GET /style.css HTTP/1.1" 304 -
::1 - - [25/Oct/2021:14:54:42 +0300] "GET /sort.html HTTP/1.1" 304 -
::1 - - [25/Oct/2021:14:54:52 +0300] "POST /results.php HTTP/1.1" 200 971
::1 - - [25/Oct/2021:14:55:08 +0300] "POST /results.php HTTP/1.1" 200 971
::1 - - [25/Oct/2021:14:56:07 +0300] "POST /results.php HTTP/1.1" 200 971
::1 - - [25/Oct/2021:14:57:20 +0300] "GET /sort.html HTTP/1.1" 304 -
::1 - - [25/Oct/2021:14:57:20 +0300] "GET /style.css HTTP/1.1" 304 -
::1 - - [25/Oct/2021:14:57:22 +0300] "POST /results.php HTTP/1.1" 200 199
::1 - - [25/Oct/2021:14:57:41 +0300] "POST /results.php HTTP/1.1" 200 971
::1 - - [25/Oct/2021:14:59:19 +0300] "POST /results.php HTTP/1.1" 200 979
::1 - - [25/Oct/2021:14:59:28 +0300] "POST /results.php HTTP/1.1" 200 979
::1 - - [25/Oct/2021:14:59:30 +0300] "GET /sort.html HTTP/1.1" 304 -
::1 - - [25/Oct/2021:15:01:00 +0300] "POST /results.php HTTP/1.1" 200 1008
::1 - - [25/Oct/2021:15:01:40 +0300] "GET /sort.html HTTP/1.1" 304 -
::1 - - [25/Oct/2021:15:01:43 +0300] "POST /results.php HTTP/1.1" 200 1019
::1 - - [25/Oct/2021:15:01:52 +0300] "POST /results.php HTTP/1.1" 200 6349
::1 - - [25/Oct/2021:15:36:09 +0300] "POST /results.php HTTP/1.1" 200 132
::1 - - [25/Oct/2021:15:36:25 +0300] "POST /results.php HTTP/1.1" 200 130
::1 - - [25/Oct/2021:15:36:54 +0300] "POST /results.php HTTP/1.1" 200 997
::1 - - [25/Oct/2021:15:36:55 +0300] "GET /style.css HTTP/1.1" 304 -
::1 - - [25/Oct/2021:15:37:34 +0300] "GET /sort.html HTTP/1.1" 304 -
::1 - - [25/Oct/2021:15:37:43 +0300] "POST /results.php HTTP/1.1" 200 1004
::1 - - [25/Oct/2021:15:39:22 +0300] "POST /results.php HTTP/1.1" 200 1004
::1 - - [25/Oct/2021:15:39:27 +0300] "GET /index.html HTTP/1.1" 304 -
::1 - - [25/Oct/2021:15:39:32 +0300] "POST /results.php HTTP/1.1" 200 1016
::1 - - [25/Oct/2021:15:40:16 +0300] "POST /results.php HTTP/1.1" 200 1018
::1 - - [25/Oct/2021:15:40:38 +0300] "POST /results.php HTTP/1.1" 200 1014
::1 - - [25/Oct/2021:15:45:21 +0300] "POST /results.php HTTP/1.1" 200 158
::1 - - [25/Oct/2021:15:45:35 +0300] "POST /results.php HTTP/1.1" 200 158
::1 - - [25/Oct/2021:15:46:02 +0300] "POST /results.php HTTP/1.1" 200 158
::1 - - [25/Oct/2021:15:46:05 +0300] "POST /results.php HTTP/1.1" 200 158
::1 - - [25/Oct/2021:15:46:11 +0300] "POST /results.php HTTP/1.1" 200 1016
::1 - - [25/Oct/2021:15:46:11 +0300] "GET /style.css HTTP/1.1" 304 -
::1 - - [25/Oct/2021:15:46:26 +0300] "GET /sort.html HTTP/1.1" 304 -
::1 - - [25/Oct/2021:15:48:15 +0300] "GET /sort.html HTTP/1.1" 304 -
::1 - - [25/Oct/2021:15:48:18 +0300] "GET /index.html HTTP/1.1" 304 -
::1 - - [25/Oct/2021:15:48:19 +0300] "GET /report.html HTTP/1.1" 304 -
::1 - - [25/Oct/2021:15:48:19 +0300] "GET /lab1_img/ArrayBubbleSort.png HTTP/1.1" 404 196
::1 - - [25/Oct/2021:15:48:19 +0300] "GET /lab1_img/ListBubbleSort.png HTTP/1.1" 404 196
::1 - - [25/Oct/2021:15:48:19 +0300] "GET /lab1_img/ArrayHeapSort.png HTTP/1.1" 304 -
::1 - - [25/Oct/2021:15:49:07 +0300] "GET /report.html HTTP/1.1" 304 -
::1 - - [25/Oct/2021:15:49:07 +0300] "GET /lab1_img/ListBubbleSort.png HTTP/1.1" 200 16349
::1 - - [25/Oct/2021:15:49:07 +0300] "GET /lab1_img/ArrayBubbleSort.png HTTP/1.1" 200 18743
::1 - - [25/Oct/2021:15:49:30 +0300] "POST /results.php HTTP/1.1" 200 1034
::1 - - [25/Oct/2021:15:49:47 +0300] "POST /results.php HTTP/1.1" 200 8785
::1 - - [25/Oct/2021:16:18:26 +0300] "GET /sort.html HTTP/1.1" 304 -
::1 - - [25/Oct/2021:16:18:26 +0300] "GET /style.css HTTP/1.1" 304 -
::1 - - [25/Oct/2021:16:19:01 +0300] "GET /index.html HTTP/1.1" 304 -
::1 - - [25/Oct/2021:16:19:11 +0300] "POST /results.php HTTP/1.1" 200 98230
::1 - - [25/Oct/2021:16:20:00 +0300] "POST /results.php HTTP/1.1" 200 98342
::1 - - [25/Oct/2021:16:22:44 +0300] "GET /index.html HTTP/1.1" 304 -
::1 - - [25/Oct/2021:16:26:30 +0300] "GET /report.html HTTP/1.1" 304 -
::1 - - [25/Oct/2021:16:26:30 +0300] "GET /lab1_img/ArrayShakerSort.png HTTP/1.1" 304 -
::1 - - [25/Oct/2021:16:26:30 +0300] "GET /lab1_img/ArrayMergeSort.png HTTP/1.1" 304 -
::1 - - [25/Oct/2021:16:26:30 +0300] "GET /lab1_img/ListHeapSort.png HTTP/1.1" 304 -
::1 - - [25/Oct/2021:16:26:30 +0300] "GET /lab1_img/ListShakerSort.png HTTP/1.1" 304 -
::1 - - [25/Oct/2021:16:26:30 +0300] "GET /lab1_img/ListMergeSort.png HTTP/1.1" 304 -
::1 - - [25/Oct/2021:16:26:30 +0300] "GET /lab1_img/ArrayQuickSort.png HTTP/1.1" 304 -
::1 - - [25/Oct/2021:16:26:30 +0300] "GET /lab1_img/ListQuickSort.png HTTP/1.1" 304 -
::1 - - [25/Oct/2021:16:28:42 +0300] "POST /results.php HTTP/1.1" 200 1037
::1 - - [25/Oct/2021:16:28:48 +0300] "GET /sort.html HTTP/1.1" 304 -
::1 - - [25/Oct/2021:16:28:55 +0300] "POST /results.php HTTP/1.1" 200 8770
::1 - - [25/Oct/2021:17:35:15 +0300] "POST /results.php HTTP/1.1" 200 166
::1 - - [25/Oct/2021:17:37:22 +0300] "POST /results.php HTTP/1.1" 200 166
::1 - - [25/Oct/2021:17:38:25 +0300] "POST /results.php HTTP/1.1" 200 100
::1 - - [25/Oct/2021:17:38:39 +0300] "POST /results.php HTTP/1.1" 200 166
::1 - - [25/Oct/2021:17:38:42 +0300] "POST /results.php HTTP/1.1" 200 166
::1 - - [25/Oct/2021:17:38:48 +0300] "POST /results.php HTTP/1.1" 200 166
::1 - - [25/Oct/2021:17:39:36 +0300] "GET /index.html HTTP/1.1" 304 -
::1 - - [25/Oct/2021:17:39:36 +0300] "GET /style.css HTTP/1.1" 304 -
::1 - - [25/Oct/2021:17:39:40 +0300] "GET /sort.html HTTP/1.1" 304 -
::1 - - [25/Oct/2021:17:39:44 +0300] "POST /results.php HTTP/1.1" 200 166
::1 - - [25/Oct/2021:17:40:06 +0300] "POST /results.php HTTP/1.1" 200 8760
::1 - - [25/Oct/2021:17:41:21 +0300] "POST /results.php HTTP/1.1" 200 8760
::1 - - [25/Oct/2021:17:41:25 +0300] "POST /results.php HTTP/1.1" 200 8760
::1 - - [25/Oct/2021:17:41:34 +0300] "POST /results.php HTTP/1.1" 200 8807
::1 - - [25/Oct/2021:17:42:16 +0300] "POST /results.php HTTP/1.1" 200 8903
::1 - - [25/Oct/2021:17:42:51 +0300] "POST /results.php HTTP/1.1" 200 1038
::1 - - [25/Oct/2021:17:43:52 +0300] "POST /results.php HTTP/1.1" 200 994
::1 - - [25/Oct/2021:17:45:48 +0300] "POST /results.php HTTP/1.1" 200 994
::1 - - [25/Oct/2021:16:18:51 +0300] "POST /results.php HTTP/1.1" 200 141
::1 - - [25/Oct/2021:18:16:28 +0300] "GET /sort.html HTTP/1.1" 304 -
::1 - - [25/Oct/2021:18:16:29 +0300] "GET /style.css HTTP/1.1" 304 -
::1 - - [25/Oct/2021:18:16:33 +0300] "POST /results.php HTTP/1.1" 200 1041
::1 - - [25/Oct/2021:18:16:45 +0300] "POST /results.php HTTP/1.1" 200 975
::1 - - [25/Oct/2021:18:16:54 +0300] "POST /results.php HTTP/1.1" 200 999
::1 - - [25/Oct/2021:18:17:07 +0300] "POST /results.php HTTP/1.1" 200 1563
::1 - - [25/Oct/2021:18:17:17 +0300] "POST /results.php HTTP/1.1" 200 1045
::1 - - [25/Oct/2021:18:17:24 +0300] "POST /results.php HTTP/1.1" 200 10776
::1 - - [25/Oct/2021:18:17:35 +0300] "POST /results.php HTTP/1.1" 200 1359356
